2022-12-08 21:49:18,064 - INFO: # verify drop box text before dropping, expected: 'Drop here'
2022-12-08 21:49:18,154 - WARNING: text in drop box, before: 'Drop here'
2022-12-08 21:51:37,432 [INFO]: # verify drop box text before dropping, expected: 'Drop here'
2022-12-08 21:51:37,469 [WARNING]: text in drop box, before: 'Drop here'
2022-12-08 21:52:31,324 [INFO]: # verify drop box text before dropping, expected: 'Drop here'
2022-12-08 21:52:31,358 [WARNING]: text in drop box, before: 'Drop here'
2022-12-08 21:53:00,769 [INFO]: # verify drop box text before dropping, expected: 'Drop here'
2022-12-08 21:53:00,811 [WARNING]: text in drop box, before: 'Drop here'
2022-12-08 21:53:00,818 [ERROR]: Drop box text verification, before drop action, failed.
2022-12-08 21:57:47,331 [INFO]: **************** Drag and drop scenario started ********************
2022-12-08 21:57:48,537 [WARNING]: maximizing the browser window
2022-12-08 21:57:50,005 [INFO]: # verify drop box text before dropping, expected: 'Drop here'
2022-12-08 21:57:50,041 [INFO]: text in drop box, before: 'Drop here'
2022-12-08 21:57:50,052 [ERROR]: Drop box text verification, before drop action, failed.
2022-12-08 21:57:52,157 [INFO]: ================= TEST Completed!! =================
2022-12-08 21:58:49,323 [INFO]: **************** Drag and drop scenario started ********************
2022-12-08 21:58:50,464 [WARNING]: maximizing the browser window
2022-12-08 21:58:51,936 [INFO]: # verify drop box text before dropping, expected: 'Drop here'
2022-12-08 21:58:51,969 [INFO]: text in drop box, before: 'Drop here'
2022-12-08 21:58:52,092 [INFO]: # drag and drop the object into the box
2022-12-08 21:58:52,670 [INFO]: # verify drop box text after dropping, expected: 'Dropped!'
2022-12-08 21:58:52,678 [INFO]: text in drop box, after: 'Dropped!'
2022-12-08 21:58:57,865 [INFO]: Drag and Drop Test Successfully executed.
2022-12-08 21:58:59,994 [INFO]: ================= TEST Completed!! =================
2022-12-08 22:05:40,868 [INFO]: **************** Drag and drop scenario started ********************
2022-12-08 22:05:42,074 [WARNING]: maximizing the browser window
2022-12-08 22:05:43,538 [INFO]: # verify drop box text before dropping, expected: 'Drop here'
2022-12-08 22:05:43,573 [INFO]: text in drop box, before: 'Drop here'
2022-12-08 22:05:43,665 [INFO]: # drag and drop the object into the box
2022-12-08 22:05:44,219 [INFO]: # verify drop box text after dropping, expected: 'Dropped!'
2022-12-08 22:05:44,232 [INFO]: text in drop box, after: 'Dropped!'
2022-12-08 22:05:49,356 [INFO]: Drag and Drop Test Successfully executed.
2022-12-08 22:05:51,507 [INFO]: ================= TEST Completed!! =================
